# JRE version: Java(TM) SE Runtime Environment (16.0.2+7) (build 16.0.2+7-67)
# Java VM: Java HotSpot(TM) 64-Bit Server VM (16.0.2+7-67, mixed mode, sharing, tiered, compressed oops, compressed class ptrs, g1 gc, windows-amd64)
GC Precious Log:
 CPUs: 12 total, 12 available
 Memory: 16272M
 Large Page Support: Disabled
 NUMA Support: Disabled
 Compressed Oops: Enabled (Zero based)
 Heap Region Size: 2M
 Heap Min Capacity: 8M
 Heap Initial Capacity: 256M
 Heap Max Capacity: 4070M
 Pre-touch: Disabled
 Parallel Workers: 10
 Concurrent Workers: 3
 Concurrent Refinement Workers: 10
 Periodic GC: Disabled
Heap:
 garbage-first heap   total 49152K, used 25696K [0x0000000701a00000, 0x0000000800000000)
  region size 2048K, 5 young (10240K), 1 survivors (2048K)
 Metaspace       used 40877K, committed 41216K, reserved 1089536K
  class space    used 4838K, committed 4992K, reserved 1048576K
GC Heap History (20 events):
Event: 1309.479 GC heap before
{Heap before GC invocations=151 (full 0):
 garbage-first heap   total 49152K, used 37761K [0x0000000701a00000, 0x0000000800000000)
  region size 2048K, 10 young (20480K), 1 survivors (2048K)
 Metaspace       used 40594K, committed 40960K, reserved 1089536K
  class space    used 4837K, committed 4992K, reserved 1048576K
}
Event: 1309.480 GC heap after
{Heap after GC invocations=152 (full 0):
 garbage-first heap   total 49152K, used 19534K [0x0000000701a00000, 0x0000000800000000)
  region size 2048K, 1 young (2048K), 1 survivors (2048K)
 Metaspace       used 40594K, committed 40960K, reserved 1089536K
  class space    used 4837K, committed 4992K, reserved 1048576K
}
Event: 1318.968 GC heap before
{Heap before GC invocations=152 (full 0):
 garbage-first heap   total 49152K, used 37966K [0x0000000701a00000, 0x0000000800000000)
  region size 2048K, 10 young (20480K), 1 survivors (2048K)
 Metaspace       used 40594K, committed 40960K, reserved 1089536K
  class space    used 4837K, committed 4992K, reserved 1048576K
}
Event: 1318.968 GC heap after
{Heap after GC invocations=153 (full 0):
 garbage-first heap   total 49152K, used 19056K [0x0000000701a00000, 0x0000000800000000)
  region size 2048K, 1 young (2048K), 1 survivors (2048K)
 Metaspace       used 40594K, committed 40960K, reserved 1089536K
  class space    used 4837K, committed 4992K, reserved 1048576K
}
Event: 1327.886 GC heap before
{Heap before GC invocations=153 (full 0):
 garbage-first heap   total 49152K, used 37488K [0x0000000701a00000, 0x0000000800000000)
  region size 2048K, 10 young (20480K), 1 survivors (2048K)
 Metaspace       used 40594K, committed 40960K, reserved 1089536K
  class space    used 4837K, committed 4992K, reserved 1048576K
}
Event: 1327.887 GC heap after
{Heap after GC invocations=154 (full 0):
 garbage-first heap   total 49152K, used 19251K [0x0000000701a00000, 0x0000000800000000)
  region size 2048K, 1 young (2048K), 1 survivors (2048K)
 Metaspace       used 40594K, committed 40960K, reserved 1089536K
  class space    used 4837K, committed 4992K, reserved 1048576K
}
Event: 1336.845 GC heap before
{Heap before GC invocations=154 (full 0):
 garbage-first heap   total 49152K, used 37683K [0x0000000701a00000, 0x0000000800000000)
  region size 2048K, 10 young (20480K), 1 survivors (2048K)
 Metaspace       used 40594K, committed 40960K, reserved 1089536K
  class space    used 4837K, committed 4992K, reserved 1048576K
}
Event: 1336.846 GC heap after
{Heap after GC invocations=155 (full 0):
 garbage-first heap   total 49152K, used 19486K [0x0000000701a00000, 0x0000000800000000)
  region size 2048K, 1 young (2048K), 1 survivors (2048K)
 Metaspace       used 40594K, committed 40960K, reserved 1089536K
  class space    used 4837K, committed 4992K, reserved 1048576K
}
Event: 1346.139 GC heap before
{Heap before GC invocations=155 (full 0):
 garbage-first heap   total 49152K, used 37918K [0x0000000701a00000, 0x0000000800000000)
  region size 2048K, 10 young (20480K), 1 survivors (2048K)
 Metaspace       used 40594K, committed 40960K, reserved 1089536K
  class space    used 4837K, committed 4992K, reserved 1048576K
}
Event: 1346.139 GC heap after
{Heap after GC invocations=156 (full 0):
 garbage-first heap   total 49152K, used 19560K [0x0000000701a00000, 0x0000000800000000)
  region size 2048K, 1 young (2048K), 1 survivors (2048K)
 Metaspace       used 40594K, committed 40960K, reserved 1089536K
  class space    used 4837K, committed 4992K, reserved 1048576K
}
Event: 1355.647 GC heap before
{Heap before GC invocations=156 (full 0):
 garbage-first heap   total 49152K, used 37992K [0x0000000701a00000, 0x0000000800000000)
  region size 2048K, 10 young (20480K), 1 survivors (2048K)
 Metaspace       used 40594K, committed 40960K, reserved 1089536K
  class space    used 4837K, committed 4992K, reserved 1048576K
}
Event: 1355.648 GC heap after
{Heap after GC invocations=157 (full 0):
 garbage-first heap   total 49152K, used 19196K [0x0000000701a00000, 0x0000000800000000)
  region size 2048K, 1 young (2048K), 1 survivors (2048K)
 Metaspace       used 40594K, committed 40960K, reserved 1089536K
  class space    used 4837K, committed 4992K, reserved 1048576K
}
Event: 1364.580 GC heap before
{Heap before GC invocations=157 (full 0):
 garbage-first heap   total 49152K, used 37628K [0x0000000701a00000, 0x0000000800000000)
  region size 2048K, 10 young (20480K), 1 survivors (2048K)
 Metaspace       used 40594K, committed 40960K, reserved 1089536K
  class space    used 4837K, committed 4992K, reserved 1048576K
}
Event: 1364.581 GC heap after
{Heap after GC invocations=158 (full 0):
 garbage-first heap   total 49152K, used 19427K [0x0000000701a00000, 0x0000000800000000)
  region size 2048K, 1 young (2048K), 1 survivors (2048K)
 Metaspace       used 40594K, committed 40960K, reserved 1089536K
  class space    used 4837K, committed 4992K, reserved 1048576K
}
Event: 1373.897 GC heap before
{Heap before GC invocations=158 (full 0):
 garbage-first heap   total 49152K, used 37859K [0x0000000701a00000, 0x0000000800000000)
  region size 2048K, 10 young (20480K), 1 survivors (2048K)
 Metaspace       used 40594K, committed 40960K, reserved 1089536K
  class space    used 4837K, committed 4992K, reserved 1048576K
}
Event: 1373.898 GC heap after
{Heap after GC invocations=159 (full 0):
 garbage-first heap   total 49152K, used 19544K [0x0000000701a00000, 0x0000000800000000)
  region size 2048K, 1 young (2048K), 1 survivors (2048K)
 Metaspace       used 40594K, committed 40960K, reserved 1089536K
  class space    used 4837K, committed 4992K, reserved 1048576K
}
Event: 1381.187 GC heap before
{Heap before GC invocations=159 (full 0):
 garbage-first heap   total 49152K, used 37976K [0x0000000701a00000, 0x0000000800000000)
  region size 2048K, 10 young (20480K), 1 survivors (2048K)
 Metaspace       used 40723K, committed 41024K, reserved 1089536K
  class space    used 4837K, committed 4992K, reserved 1048576K
}
Event: 1381.188 GC heap after
{Heap after GC invocations=160 (full 0):
 garbage-first heap   total 49152K, used 19072K [0x0000000701a00000, 0x0000000800000000)
  region size 2048K, 1 young (2048K), 1 survivors (2048K)
 Metaspace       used 40723K, committed 41024K, reserved 1089536K
  class space    used 4837K, committed 4992K, reserved 1048576K
}
Event: 1387.986 GC heap before
{Heap before GC invocations=160 (full 0):
 garbage-first heap   total 49152K, used 37504K [0x0000000701a00000, 0x0000000800000000)
  region size 2048K, 10 young (20480K), 1 survivors (2048K)
 Metaspace       used 40852K, committed 41152K, reserved 1089536K
  class space    used 4837K, committed 4992K, reserved 1048576K
}
Event: 1387.987 GC heap after
{Heap after GC invocations=161 (full 0):
 garbage-first heap   total 49152K, used 19552K [0x0000000701a00000, 0x0000000800000000)
  region size 2048K, 1 young (2048K), 1 survivors (2048K)
 Metaspace       used 40852K, committed 41152K, reserved 1089536K
  class space    used 4837K, committed 4992K, reserved 1048576K
}

